<?xml version="1.0" encoding="UTF-8"?>
<!-- Generated by org.testng.reporters.JUnitReportReporter -->
<testsuite hostname="LAPTOP-3BL16AQ1" failures="0" tests="1" name="Sample.SampleJava_TestNg" time="0.013" errors="0" timestamp="2022-04-15T07:13:03 IST" skipped="0">
  <testcase classname="Sample.SampleJava_TestNg" name="launch" time="0.013"/>
  <system-out/>
</testsuite> <!-- Sample.SampleJava_TestNg -->
