<?xml version="1.0" encoding="UTF-8"?>
<!-- Generated by org.testng.reporters.JUnitReportReporter -->
<testsuite hostname="LAPTOP-3BL16AQ1" failures="0" tests="1" name="SeleniumWebDriverListeners.WebdriverListenersExample" time="12.665" errors="0" timestamp="2022-04-21T06:51:23 IST" skipped="0">
  <testcase classname="SeleniumWebDriverListeners.WebdriverListenersExample" name="Login" time="12.665"/>
  <system-out/>
</testsuite> <!-- SeleniumWebDriverListeners.WebdriverListenersExample -->
