<?xml version="1.0" encoding="UTF-8"?>
<!-- Generated by org.testng.reporters.JUnitReportReporter -->
<testsuite hostname="LAPTOP-3BL16AQ1" failures="0" tests="5" name="Sample.TestNgAnnotation" time="2.095" errors="0" timestamp="2022-04-16T06:54:42 IST" skipped="0">
  <testcase classname="Sample.TestNgAnnotation" name="enterEmail" time="0.363"/>
  <system-out/>
  <testcase classname="Sample.TestNgAnnotation" name="enterEmail" time="0.261"/>
  <system-out/>
  <testcase classname="Sample.TestNgAnnotation" name="enterEmail" time="0.180"/>
  <system-out/>
  <testcase classname="Sample.TestNgAnnotation" name="enterLastName" time="1.043"/>
  <system-out/>
  <testcase classname="Sample.TestNgAnnotation" name="enterFirstName" time="0.248"/>
  <system-out/>
</testsuite> <!-- Sample.TestNgAnnotation -->
