<?xml version="1.0" encoding="UTF-8"?>
<!-- Generated by org.testng.reporters.JUnitReportReporter -->
<testsuite hostname="LAPTOP-3BL16AQ1" failures="0" tests="3" name="Sample.TestNgDataProviders" time="2.191" errors="0" timestamp="2022-04-16T06:54:42 IST" skipped="0">
  <testcase classname="Sample.TestNgDataProviders" name="verifyFacebookLogin" time="0.681"/>
  <system-out/>
  <testcase classname="Sample.TestNgDataProviders" name="verifyFacebookLogin" time="0.960"/>
  <system-out/>
  <testcase classname="Sample.TestNgDataProviders" name="verifyFacebookLogin" time="0.550"/>
  <system-out/>
</testsuite> <!-- Sample.TestNgDataProviders -->
