<?xml version="1.0" encoding="UTF-8"?>
<!-- Generated by org.testng.reporters.JUnitReportReporter -->
<testsuite hostname="LAPTOP-3BL16AQ1" failures="0" tests="3" name="ExtentReports.ExtentReportsExample1" time="12.098" errors="0" timestamp="28 Jan 2022 02:19:26 GMT" skipped="0">
  <testcase classname="ExtentReports.ExtentReportsExample1" name="method1" time="0.223"/>
  <testcase classname="ExtentReports.ExtentReportsExample1" name="extent" time="1.569"/>
  <testcase classname="ExtentReports.ExtentReportsExample1" name="launch" time="10.306"/>
</testsuite> <!-- ExtentReports.ExtentReportsExample1 -->
