<?xml version="1.0" encoding="UTF-8"?>
<!-- Generated by org.testng.reporters.JUnitReportReporter -->
<testsuite hostname="LAPTOP-3BL16AQ1" failures="0" tests="1" name="TestNg.SampleExample" time="0.001" errors="0" timestamp="2022-01-29T06:41:33 IST" skipped="0">
  <testcase classname="TestNg.SampleExample" name="method1" time="0.001"/>
  <system-out/>
</testsuite> <!-- TestNg.SampleExample -->
