<?xml version="1.0" encoding="UTF-8"?>
<!-- Generated by org.testng.reporters.JUnitReportReporter -->
<testsuite hostname="LAPTOP-3BL16AQ1" failures="0" tests="6" name="TestNg.TestNgExample3" time="2.367" errors="0" timestamp="2022-01-29T06:54:15 IST" skipped="1">
  <testcase classname="TestNg.TestNgExample3" name="EnterField1" time="0.433"/>
  <system-out/>
  <testcase classname="TestNg.TestNgExample3" name="EnterField1" time="0.646"/>
  <system-out/>
  <testcase classname="TestNg.TestNgExample3" name="EnterField1" time="0.343"/>
  <system-out/>
  <testcase classname="TestNg.TestNgExample3" name="EnterField1" time="0.344"/>
  <system-out/>
  <testcase classname="TestNg.TestNgExample3" name="EnterField1" time="0.601"/>
  <system-out/>
  <testcase classname="TestNg.TestNgExample3" name="EnterField2">
    <skipped/>
  </testcase> <!-- EnterField2 -->
  <system-out/>
</testsuite> <!-- TestNg.TestNgExample3 -->
