<?xml version="1.0" encoding="UTF-8"?>
<!-- Generated by org.testng.reporters.JUnitReportReporter -->
<testsuite hostname="LAPTOP-3BL16AQ1" failures="0" tests="2" name="TestNg.TestNgExample2" time="0.878" errors="0" timestamp="2022-01-29T06:41:33 IST" skipped="0">
  <testcase classname="TestNg.TestNgExample2" name="EnterField2" time="0.289"/>
  <system-out/>
  <testcase classname="TestNg.TestNgExample2" name="EnterField1" time="0.589"/>
  <system-out/>
</testsuite> <!-- TestNg.TestNgExample2 -->
