<?xml version="1.0" encoding="UTF-8"?>
<!-- Generated by org.testng.reporters.JUnitReportReporter -->
<testsuite hostname="LAPTOP-3BL16AQ1" failures="0" tests="2" name="TestNg.DataProviders" time="1.206" errors="0" timestamp="2022-01-30T06:13:52 IST" skipped="0">
  <testcase classname="TestNg.DataProviders" name="EnterField2" time="0.915"/>
  <system-out/>
  <testcase classname="TestNg.DataProviders" name="EnterField2" time="0.291"/>
  <system-out/>
</testsuite> <!-- TestNg.DataProviders -->
